# JRE version: OpenJDK Runtime Environment (17.0.6) (build 17.0.6+0-17.0.6b829.9-10027231)
# Java VM: OpenJDK 64-Bit Server VM (17.0.6+0-17.0.6b829.9-10027231, mixed mode, tiered, compressed oops, compressed class ptrs, g1 gc, linux-amd64)
Heap:
 garbage-first heap   total 260096K, used 157716K [0x0000000080000000, 0x0000000100000000)
  region size 1024K, 34 young (34816K), 9 survivors (9216K)
 Metaspace       used 114959K, committed 115840K, reserved 1155072K
  class space    used 15534K, committed 15936K, reserved 1048576K
GC Heap History (20 events):
Event: 50.178 GC heap before
{Heap before GC invocations=41 (full 0):
 garbage-first heap   total 260096K, used 206187K [0x0000000080000000, 0x0000000100000000)
  region size 1024K, 131 young (134144K), 7 survivors (7168K)
 Metaspace       used 90819K, committed 91584K, reserved 1130496K
  class space    used 12489K, committed 12864K, reserved 1048576K
}
Event: 50.202 GC heap after
{Heap after GC invocations=42 (full 0):
 garbage-first heap   total 260096K, used 87275K [0x0000000080000000, 0x0000000100000000)
  region size 1024K, 16 young (16384K), 16 survivors (16384K)
 Metaspace       used 90819K, committed 91584K, reserved 1130496K
  class space    used 12489K, committed 12864K, reserved 1048576K
}
Event: 50.219 GC heap before
{Heap before GC invocations=42 (full 0):
 garbage-first heap   total 260096K, used 88299K [0x0000000080000000, 0x0000000100000000)
  region size 1024K, 17 young (17408K), 16 survivors (16384K)
 Metaspace       used 90964K, committed 91712K, reserved 1130496K
  class space    used 12513K, committed 12864K, reserved 1048576K
}
Event: 50.243 GC heap after
{Heap after GC invocations=43 (full 0):
 garbage-first heap   total 260096K, used 88511K [0x0000000080000000, 0x0000000100000000)
  region size 1024K, 2 young (2048K), 2 survivors (2048K)
 Metaspace       used 90964K, committed 91712K, reserved 1130496K
  class space    used 12513K, committed 12864K, reserved 1048576K
}
Event: 54.414 GC heap before
{Heap before GC invocations=43 (full 0):
 garbage-first heap   total 260096K, used 196031K [0x0000000080000000, 0x0000000100000000)
  region size 1024K, 107 young (109568K), 2 survivors (2048K)
 Metaspace       used 97051K, committed 97856K, reserved 1138688K
  class space    used 13376K, committed 13760K, reserved 1048576K
}
Event: 54.436 GC heap after
{Heap after GC invocations=44 (full 0):
 garbage-first heap   total 260096K, used 101354K [0x0000000080000000, 0x0000000100000000)
  region size 1024K, 14 young (14336K), 14 survivors (14336K)
 Metaspace       used 97051K, committed 97856K, reserved 1138688K
  class space    used 13376K, committed 13760K, reserved 1048576K
}
Event: 63.046 GC heap before
{Heap before GC invocations=44 (full 0):
 garbage-first heap   total 260096K, used 197610K [0x0000000080000000, 0x0000000100000000)
  region size 1024K, 109 young (111616K), 14 survivors (14336K)
 Metaspace       used 98405K, committed 99136K, reserved 1138688K
  class space    used 13537K, committed 13888K, reserved 1048576K
}
Event: 63.070 GC heap after
{Heap after GC invocations=45 (full 0):
 garbage-first heap   total 260096K, used 111519K [0x0000000080000000, 0x0000000100000000)
  region size 1024K, 11 young (11264K), 11 survivors (11264K)
 Metaspace       used 98405K, committed 99136K, reserved 1138688K
  class space    used 13537K, committed 13888K, reserved 1048576K
}
Event: 63.445 GC heap before
{Heap before GC invocations=45 (full 0):
 garbage-first heap   total 260096K, used 114591K [0x0000000080000000, 0x0000000100000000)
  region size 1024K, 15 young (15360K), 11 survivors (11264K)
 Metaspace       used 99266K, committed 100096K, reserved 1138688K
  class space    used 13574K, committed 13952K, reserved 1048576K
}
Event: 63.454 GC heap after
{Heap after GC invocations=46 (full 0):
 garbage-first heap   total 260096K, used 111553K [0x0000000080000000, 0x0000000100000000)
  region size 1024K, 2 young (2048K), 2 survivors (2048K)
 Metaspace       used 99266K, committed 100096K, reserved 1138688K
  class space    used 13574K, committed 13952K, reserved 1048576K
}
Event: 66.577 GC heap before
{Heap before GC invocations=47 (full 0):
 garbage-first heap   total 260096K, used 239553K [0x0000000080000000, 0x0000000100000000)
  region size 1024K, 97 young (99328K), 2 survivors (2048K)
 Metaspace       used 106404K, committed 107328K, reserved 1146880K
  class space    used 14413K, committed 14848K, reserved 1048576K
}
Event: 66.584 GC heap after
{Heap after GC invocations=48 (full 0):
 garbage-first heap   total 260096K, used 112227K [0x0000000080000000, 0x0000000100000000)
  region size 1024K, 3 young (3072K), 3 survivors (3072K)
 Metaspace       used 106404K, committed 107328K, reserved 1146880K
  class space    used 14413K, committed 14848K, reserved 1048576K
}
Event: 66.951 GC heap before
{Heap before GC invocations=48 (full 0):
 garbage-first heap   total 260096K, used 120419K [0x0000000080000000, 0x0000000100000000)
  region size 1024K, 12 young (12288K), 3 survivors (3072K)
 Metaspace       used 106889K, committed 107776K, reserved 1146880K
  class space    used 14487K, committed 14912K, reserved 1048576K
}
Event: 66.960 GC heap after
{Heap after GC invocations=49 (full 0):
 garbage-first heap   total 260096K, used 111344K [0x0000000080000000, 0x0000000100000000)
  region size 1024K, 1 young (1024K), 1 survivors (1024K)
 Metaspace       used 106889K, committed 107776K, reserved 1146880K
  class space    used 14487K, committed 14912K, reserved 1048576K
}
Event: 69.914 GC heap before
{Heap before GC invocations=49 (full 0):
 garbage-first heap   total 260096K, used 212720K [0x0000000080000000, 0x0000000100000000)
  region size 1024K, 101 young (103424K), 1 survivors (1024K)
 Metaspace       used 108760K, committed 109632K, reserved 1146880K
  class space    used 14689K, committed 15104K, reserved 1048576K
}
Event: 69.926 GC heap after
{Heap after GC invocations=50 (full 0):
 garbage-first heap   total 260096K, used 118815K [0x0000000080000000, 0x0000000100000000)
  region size 1024K, 9 young (9216K), 9 survivors (9216K)
 Metaspace       used 108760K, committed 109632K, reserved 1146880K
  class space    used 14689K, committed 15104K, reserved 1048576K
}
Event: 80.271 GC heap before
{Heap before GC invocations=50 (full 0):
 garbage-first heap   total 260096K, used 210975K [0x0000000080000000, 0x0000000100000000)
  region size 1024K, 100 young (102400K), 9 survivors (9216K)
 Metaspace       used 110519K, committed 111424K, reserved 1146880K
  class space    used 14931K, committed 15360K, reserved 1048576K
}
Event: 80.288 GC heap after
{Heap after GC invocations=51 (full 0):
 garbage-first heap   total 260096K, used 125642K [0x0000000080000000, 0x0000000100000000)
  region size 1024K, 8 young (8192K), 8 survivors (8192K)
 Metaspace       used 110519K, committed 111424K, reserved 1146880K
  class space    used 14931K, committed 15360K, reserved 1048576K
}
Event: 88.634 GC heap before
{Heap before GC invocations=51 (full 0):
 garbage-first heap   total 260096K, used 211658K [0x0000000080000000, 0x0000000100000000)
  region size 1024K, 93 young (95232K), 8 survivors (8192K)
 Metaspace       used 113851K, committed 114752K, reserved 1155072K
  class space    used 15355K, committed 15808K, reserved 1048576K
}
Event: 88.655 GC heap after
{Heap after GC invocations=52 (full 0):
 garbage-first heap   total 260096K, used 132715K [0x0000000080000000, 0x0000000100000000)
  region size 1024K, 9 young (9216K), 9 survivors (9216K)
 Metaspace       used 113851K, committed 114752K, reserved 1155072K
  class space    used 15355K, committed 15808K, reserved 1048576K
}

